<?xml version="1.0" encoding="UTF-8"?>
<!-- Generated by org.testng.reporters.JUnitXMLReporter -->
<testsuite ignored="6" hostname="lenovo-laptop-Abrenica" failures="0" tests="1" name="Default test" time="9.773" errors="0" timestamp="2025-04-08T15:50:58 PST">
  <testcase classname="SwagLabs_Automation.Product_Listing" name="testCase13_VerifyProductDetails" time="5.231"/>
  <testcase classname="SwagLabs_Automation.Product_Listing" name="testCase14_AddToCartButtonFunctionality" time="0.0">
    <ignored/>
  </testcase> <!-- testCase14_AddToCartButtonFunctionality -->
  <testcase classname="SwagLabs_Automation.Product_Listing" name="testCase12_AllProductsDisplayed" time="0.0">
    <ignored/>
  </testcase> <!-- testCase12_AllProductsDisplayed -->
  <testcase classname="SwagLabs_Automation.Product_Listing" name="testCase11_ProductListingPageAccess" time="0.0">
    <ignored/>
  </testcase> <!-- testCase11_ProductListingPageAccess -->
  <testcase classname="SwagLabs_Automation.Product_Listing" name="testCase15_SortByNameZtoA" time="0.0">
    <ignored/>
  </testcase> <!-- testCase15_SortByNameZtoA -->
  <testcase classname="SwagLabs_Automation.Product_Listing" name="testCase17_SortByPriceLowToHigh" time="0.0">
    <ignored/>
  </testcase> <!-- testCase17_SortByPriceLowToHigh -->
  <testcase classname="SwagLabs_Automation.Product_Listing" name="testCase18_SortByPriceHighToLow" time="0.0">
    <ignored/>
  </testcase> <!-- testCase18_SortByPriceHighToLow -->
</testsuite> <!-- Default test -->
