<?xml version="1.0" encoding="UTF-8"?>
<!-- Generated by org.testng.reporters.JUnitXMLReporter -->
<testsuite ignored="7" hostname="lenovo-laptop-Abrenica" failures="0" tests="1" name="Default test" time="5.924" errors="0" timestamp="2025-04-07T16:45:21 PST">
  <testcase classname="SwagLabs_Automation.Cart_Page_Verification" name="Testcase35" time="3.417"/>
  <testcase classname="SwagLabs_Automation.Cart_Page_Verification" name="Testcase28" time="0.0">
    <ignored/>
  </testcase> <!-- Testcase28 -->
  <testcase classname="SwagLabs_Automation.Cart_Page_Verification" name="Testcase30" time="0.0">
    <ignored/>
  </testcase> <!-- Testcase30 -->
  <testcase classname="SwagLabs_Automation.Cart_Page_Verification" name="Testcase33" time="0.0">
    <ignored/>
  </testcase> <!-- Testcase33 -->
  <testcase classname="SwagLabs_Automation.Cart_Page_Verification" name="Testcase34" time="0.0">
    <ignored/>
  </testcase> <!-- Testcase34 -->
  <testcase classname="SwagLabs_Automation.Cart_Page_Verification" name="Testcase36" time="0.0">
    <ignored/>
  </testcase> <!-- Testcase36 -->
  <testcase classname="SwagLabs_Automation.Cart_Page_Verification" name="Testcase31" time="0.0">
    <ignored/>
  </testcase> <!-- Testcase31 -->
  <testcase classname="SwagLabs_Automation.Cart_Page_Verification" name="Testcase29" time="0.0">
    <ignored/>
  </testcase> <!-- Testcase29 -->
</testsuite> <!-- Default test -->
