<?xml version="1.0" encoding="UTF-8"?>
<!-- Generated by org.testng.reporters.JUnitXMLReporter -->
<testsuite ignored="0" hostname="lenovo-laptop-Abrenica" failures="0" tests="8" name="Cart_Page_Verification" time="74.613" errors="0" timestamp="2025-04-07T16:51:37 PST">
  <testcase classname="SwagLabs_Automation.Cart_Page_Verification" name="Testcase28" time="1.395"/>
  <testcase classname="SwagLabs_Automation.Cart_Page_Verification" name="Testcase29" time="22.665"/>
  <testcase classname="SwagLabs_Automation.Cart_Page_Verification" name="Testcase30" time="7.478"/>
  <testcase classname="SwagLabs_Automation.Cart_Page_Verification" name="Testcase31" time="1.837"/>
  <testcase classname="SwagLabs_Automation.Cart_Page_Verification" name="Testcase33" time="2.898"/>
  <testcase classname="SwagLabs_Automation.Cart_Page_Verification" name="Testcase34" time="22.676"/>
  <testcase classname="SwagLabs_Automation.Cart_Page_Verification" name="Testcase35" time="2.326"/>
  <testcase classname="SwagLabs_Automation.Cart_Page_Verification" name="Testcase36" time="4.546"/>
</testsuite> <!-- Cart_Page_Verification -->
