<?xml version="1.0" encoding="UTF-8"?>
<!-- Generated by org.testng.reporters.JUnitXMLReporter -->
<testsuite ignored="0" hostname="lenovo-laptop-Abrenica" failures="0" tests="4" name="Cart_functionality" time="16.151" errors="0" timestamp="2025-04-07T16:49:47 PST">
  <testcase classname="SwagLabs_Automation.Cart_functionality" name="Test_case19" time="1.55"/>
  <testcase classname="SwagLabs_Automation.Cart_functionality" name="Test_case20" time="3.866"/>
  <testcase classname="SwagLabs_Automation.Cart_functionality" name="Testcase21" time="2.888"/>
  <testcase classname="SwagLabs_Automation.Cart_functionality" name="Testcase22" time="5.388"/>
</testsuite> <!-- Cart_functionality -->
