<?xml version="1.0" encoding="UTF-8"?>
<!-- Generated by org.testng.reporters.JUnitXMLReporter -->
<testsuite ignored="0" hostname="lenovo-laptop-Abrenica" failures="0" tests="11" name="Checkout_Process_Verification" time="14.801" errors="0" timestamp="2025-04-07T16:51:52 PST">
  <testcase classname="SwagLabs_Automation.Checkout_Process_Verification" name="Testcase37" time="1.871"/>
  <testcase classname="SwagLabs_Automation.Checkout_Process_Verification" name="Testcase38" time="0.846"/>
  <testcase classname="SwagLabs_Automation.Checkout_Process_Verification" name="Testcase39" time="0.826"/>
  <testcase classname="SwagLabs_Automation.Checkout_Process_Verification" name="Testcase40" time="0.835"/>
  <testcase classname="SwagLabs_Automation.Checkout_Process_Verification" name="Testcase41" time="1.128"/>
  <testcase classname="SwagLabs_Automation.Checkout_Process_Verification" name="Testcase42" time="1.187"/>
  <testcase classname="SwagLabs_Automation.Checkout_Process_Verification" name="Testcase43" time="1.215"/>
  <testcase classname="SwagLabs_Automation.Checkout_Process_Verification" name="Testcase44" time="1.558"/>
  <testcase classname="SwagLabs_Automation.Checkout_Process_Verification" name="Testcase45" time="1.433"/>
  <testcase classname="SwagLabs_Automation.Checkout_Process_Verification" name="Testcase46" time="1.27"/>
  <testcase classname="SwagLabs_Automation.Checkout_Process_Verification" name="Testcase47" time="1.427"/>
</testsuite> <!-- Checkout_Process_Verification -->
