<?xml version="1.0" encoding="UTF-8"?>
<!-- Generated by org.testng.reporters.JUnitXMLReporter -->
<testsuite ignored="0" hostname="lenovo-laptop-Abrenica" failures="0" tests="8" name="Login_functionality" time="69.27" errors="0" timestamp="2025-04-07T16:48:18 PST">
  <testcase classname="SwagLabs_Automation.Login_functionality" name="testCase10_LockedOutUser" time="2.779"/>
  <testcase classname="SwagLabs_Automation.Login_functionality" name="testCase3_GeneralSetupVerification" time="0.984"/>
  <testcase classname="SwagLabs_Automation.Login_functionality" name="testCase4_WrongPassword" time="22.767"/>
  <testcase classname="SwagLabs_Automation.Login_functionality" name="testCase5_WrongUsername" time="2.611"/>
  <testcase classname="SwagLabs_Automation.Login_functionality" name="testCase6_BlankUsername" time="1.306"/>
  <testcase classname="SwagLabs_Automation.Login_functionality" name="testCase7_BlankPassword" time="1.265"/>
  <testcase classname="SwagLabs_Automation.Login_functionality" name="testCase8_BlankFields" time="22.554"/>
  <testcase classname="SwagLabs_Automation.Login_functionality" name="testCase9_SuccessfulLogin" time="2.029"/>
</testsuite> <!-- Login_functionality -->
