<?xml version="1.0" encoding="UTF-8"?>
<!-- Generated by org.testng.reporters.JUnitXMLReporter -->
<testsuite ignored="0" hostname="lenovo-laptop-Abrenica" failures="0" tests="7" name="Product_Listing" time="72.557" errors="0" timestamp="2025-04-07T16:49:31 PST">
  <testcase classname="SwagLabs_Automation.Product_Listing" name="testCase11_ProductListingPageAccess" time="2.154"/>
  <testcase classname="SwagLabs_Automation.Product_Listing" name="testCase12_AllProductsDisplayed" time="2.381"/>
  <testcase classname="SwagLabs_Automation.Product_Listing" name="testCase13_VerifyProductDetails" time="26.534"/>
  <testcase classname="SwagLabs_Automation.Product_Listing" name="testCase14_AddToCartButtonFunctionality" time="1.631"/>
  <testcase classname="SwagLabs_Automation.Product_Listing" name="testCase15_SortByNameZtoA" time="1.817"/>
  <testcase classname="SwagLabs_Automation.Product_Listing" name="testCase17_SortByPriceLowToHigh" time="1.606"/>
  <testcase classname="SwagLabs_Automation.Product_Listing" name="testCase18_SortByPriceHighToLow" time="26.071"/>
</testsuite> <!-- Product_Listing -->
