<?xml version="1.0" encoding="UTF-8"?>
<!-- Generated by org.testng.reporters.JUnitXMLReporter -->
<testsuite ignored="0" hostname="lenovo-laptop-Abrenica" failures="0" tests="5" name="Product_Detail" time="35.667" errors="0" timestamp="2025-04-07T16:50:23 PST">
  <testcase classname="SwagLabs_Automation.Product_detail" name="test_case23" time="1.463"/>
  <testcase classname="SwagLabs_Automation.Product_detail" name="test_case24" time="2.46"/>
  <testcase classname="SwagLabs_Automation.Product_detail" name="test_case25" time="22.896"/>
  <testcase classname="SwagLabs_Automation.Product_detail" name="test_case26" time="1.601"/>
  <testcase classname="SwagLabs_Automation.Product_detail" name="test_case27" time="1.587"/>
</testsuite> <!-- Product_Detail -->
