<?xml version="1.0" encoding="UTF-8"?>
<!-- Generated by org.testng.reporters.JUnitXMLReporter -->
<testsuite ignored="0" hostname="lenovo-laptop-Abrenica" failures="0" tests="5" name="SwagLabs_Automation.Checkout_Overview" time="29.945" errors="0" timestamp="2025-04-07T16:52:22 PST">
  <testcase classname="SwagLabs_Automation.Checkout_Overview" name="Testcase48" time="22.98"/>
  <testcase classname="SwagLabs_Automation.Checkout_Overview" name="Testcase49" time="1.89"/>
  <testcase classname="SwagLabs_Automation.Checkout_Overview" name="Testcase51" time="1.537"/>
  <testcase classname="SwagLabs_Automation.Checkout_Overview" name="Testcase52" time="1.514"/>
  <testcase classname="SwagLabs_Automation.Checkout_Overview" name="testcase50" time="0.93"/>
</testsuite> <!-- SwagLabs_Automation.Checkout_Overview -->
