<?xml version="1.0" encoding="UTF-8"?>
<!-- Generated by org.testng.reporters.JUnitXMLReporter -->
<testsuite ignored="0" hostname="lenovo-laptop-Abrenica" failures="0" tests="49" name="Test" time="256.992" errors="0" timestamp="2025-04-07T15:58:58 PST">
  <testcase classname="SwagLabs_Automation.Cart_functionality" name="Test_case19" time="3.109"/>
  <testcase classname="SwagLabs_Automation.Cart_functionality" name="Test_case20" time="3.671"/>
  <testcase classname="SwagLabs_Automation.Cart_functionality" name="Testcase21" time="2.821"/>
  <testcase classname="SwagLabs_Automation.Cart_functionality" name="Testcase22" time="5.222"/>
  <testcase classname="SwagLabs_Automation.Cart_Page_Verification" name="Testcase28" time="1.27"/>
  <testcase classname="SwagLabs_Automation.Cart_Page_Verification" name="Testcase29" time="1.459"/>
  <testcase classname="SwagLabs_Automation.Cart_Page_Verification" name="Testcase30" time="28.75"/>
  <testcase classname="SwagLabs_Automation.Cart_Page_Verification" name="Testcase31" time="1.568"/>
  <testcase classname="SwagLabs_Automation.Cart_Page_Verification" name="Testcase33" time="1.541"/>
  <testcase classname="SwagLabs_Automation.Cart_Page_Verification" name="Testcase34" time="1.335"/>
  <testcase classname="SwagLabs_Automation.Cart_Page_Verification" name="Testcase36" time="25.364"/>
  <testcase classname="SwagLabs_Automation.Product_Listing" name="testCase11_ProductListingPageAccess" time="1.225"/>
  <testcase classname="SwagLabs_Automation.Product_Listing" name="testCase12_AllProductsDisplayed" time="1.402"/>
  <testcase classname="SwagLabs_Automation.Product_Listing" name="testCase13_VerifyProductDetails" time="2.05"/>
  <testcase classname="SwagLabs_Automation.Product_Listing" name="testCase14_AddToCartButtonFunctionality" time="22.669"/>
  <testcase classname="SwagLabs_Automation.Product_Listing" name="testCase15_SortByNameZtoA" time="1.201"/>
  <testcase classname="SwagLabs_Automation.Product_Listing" name="testCase17_SortByPriceLowToHigh" time="1.338"/>
  <testcase classname="SwagLabs_Automation.Product_Listing" name="testCase18_SortByPriceHighToLow" time="1.478"/>
  <testcase classname="SwagLabs_Automation.Product_detail" name="test_case23" time="22.746"/>
  <testcase classname="SwagLabs_Automation.Product_detail" name="test_case24" time="1.309"/>
  <testcase classname="SwagLabs_Automation.Product_detail" name="test_case25" time="1.249"/>
  <testcase classname="SwagLabs_Automation.Product_detail" name="test_case26" time="2.18"/>
  <testcase classname="SwagLabs_Automation.Product_detail" name="test_case27" time="22.296"/>
  <testcase classname="SwagLabs_Automation.Checkout_Overview" name="Testcase48" time="1.356"/>
  <testcase classname="SwagLabs_Automation.Checkout_Overview" name="Testcase49" time="0.957"/>
  <testcase classname="SwagLabs_Automation.Checkout_Overview" name="Testcase51" time="0.825"/>
  <testcase classname="SwagLabs_Automation.Checkout_Overview" name="Testcase52" time="1.044"/>
  <testcase classname="SwagLabs_Automation.Checkout_Overview" name="testcase50" time="0.651"/>
  <testcase classname="SwagLabs_Automation.Checkout_Process_Verification" name="Testcase37" time="1.579"/>
  <testcase classname="SwagLabs_Automation.Checkout_Process_Verification" name="Testcase38" time="0.692"/>
  <testcase classname="SwagLabs_Automation.Checkout_Process_Verification" name="Testcase39" time="0.607"/>
  <testcase classname="SwagLabs_Automation.Checkout_Process_Verification" name="Testcase40" time="0.646"/>
  <testcase classname="SwagLabs_Automation.Checkout_Process_Verification" name="Testcase41" time="0.84"/>
  <testcase classname="SwagLabs_Automation.Checkout_Process_Verification" name="Testcase42" time="0.752"/>
  <testcase classname="SwagLabs_Automation.Checkout_Process_Verification" name="Testcase43" time="0.786"/>
  <testcase classname="SwagLabs_Automation.Checkout_Process_Verification" name="Testcase44" time="0.747"/>
  <testcase classname="SwagLabs_Automation.Checkout_Process_Verification" name="Testcase45" time="0.709"/>
  <testcase classname="SwagLabs_Automation.Checkout_Process_Verification" name="Testcase46" time="0.753"/>
  <testcase classname="SwagLabs_Automation.Checkout_Process_Verification" name="Testcase47" time="0.8"/>
  <testcase classname="SwagLabs_Automation.Order_Completion" name="Testcase5354" time="2.21"/>
  <testcase classname="SwagLabs_Automation.Order_Completion" name="Testcase5556" time="0.902"/>
  <testcase classname="SwagLabs_Automation.Login_functionality" name="testCase10_LockedOutUser" time="23.412"/>
  <testcase classname="SwagLabs_Automation.Login_functionality" name="testCase3_GeneralSetupVerification" time="0.677"/>
  <testcase classname="SwagLabs_Automation.Login_functionality" name="testCase4_WrongPassword" time="1.385"/>
  <testcase classname="SwagLabs_Automation.Login_functionality" name="testCase5_WrongUsername" time="1.356"/>
  <testcase classname="SwagLabs_Automation.Login_functionality" name="testCase6_BlankUsername" time="22.065"/>
  <testcase classname="SwagLabs_Automation.Login_functionality" name="testCase7_BlankPassword" time="1.047"/>
  <testcase classname="SwagLabs_Automation.Login_functionality" name="testCase8_BlankFields" time="0.956"/>
  <testcase classname="SwagLabs_Automation.Login_functionality" name="testCase9_SuccessfulLogin" time="1.144"/>
</testsuite> <!-- Test -->
