<?xml version="1.0" encoding="UTF-8"?>
<testng-results ignored="0" total="50" passed="50" failed="0" skipped="0">
  <reporter-output>
  </reporter-output>
  <suite started-at="2025-04-07T16:47:09 PST" name="Suite" finished-at="2025-04-07T16:52:26 PST" duration-ms="317244">
    <groups>
    </groups>
    <test started-at="2025-04-07T16:47:09 PST" name="Login_functionality" finished-at="2025-04-07T16:48:18 PST" duration-ms="69270">
      <class name="SwagLabs_Automation.Login_functionality">
        <test-method is-config="true" signature="setUp()[pri:0, instance:SwagLabs_Automation.Login_functionality@4d5d943d]" started-at="2025-04-07T16:47:09 PST" name="setUp" finished-at="2025-04-07T16:47:11 PST" duration-ms="2170" status="PASS">
          <reporter-output>
          </reporter-output>
        </test-method> <!-- setUp -->
        <test-method signature="testCase10_LockedOutUser()[pri:0, instance:SwagLabs_Automation.Login_functionality@4d5d943d]" started-at="2025-04-07T16:47:11 PST" name="testCase10_LockedOutUser" finished-at="2025-04-07T16:47:14 PST" duration-ms="2779" status="PASS">
          <reporter-output>
          </reporter-output>
        </test-method> <!-- testCase10_LockedOutUser -->
        <test-method is-config="true" signature="tearDown()[pri:0, instance:SwagLabs_Automation.Login_functionality@4d5d943d]" started-at="2025-04-07T16:47:14 PST" name="tearDown" finished-at="2025-04-07T16:47:14 PST" duration-ms="281" status="PASS">
          <reporter-output>
          </reporter-output>
        </test-method> <!-- tearDown -->
        <test-method is-config="true" signature="setUp()[pri:0, instance:SwagLabs_Automation.Login_functionality@4d5d943d]" started-at="2025-04-07T16:47:14 PST" name="setUp" finished-at="2025-04-07T16:47:15 PST" duration-ms="1172" status="PASS">
          <reporter-output>
          </reporter-output>
        </test-method> <!-- setUp -->
        <test-method signature="testCase3_GeneralSetupVerification()[pri:0, instance:SwagLabs_Automation.Login_functionality@4d5d943d]" started-at="2025-04-07T16:47:15 PST" name="testCase3_GeneralSetupVerification" finished-at="2025-04-07T16:47:16 PST" duration-ms="984" status="PASS">
          <reporter-output>
          </reporter-output>
        </test-method> <!-- testCase3_GeneralSetupVerification -->
        <test-method is-config="true" signature="tearDown()[pri:0, instance:SwagLabs_Automation.Login_functionality@4d5d943d]" started-at="2025-04-07T16:47:16 PST" name="tearDown" finished-at="2025-04-07T16:47:17 PST" duration-ms="256" status="PASS">
          <reporter-output>
          </reporter-output>
        </test-method> <!-- tearDown -->
        <test-method is-config="true" signature="setUp()[pri:0, instance:SwagLabs_Automation.Login_functionality@4d5d943d]" started-at="2025-04-07T16:47:17 PST" name="setUp" finished-at="2025-04-07T16:47:18 PST" duration-ms="1187" status="PASS">
          <reporter-output>
          </reporter-output>
        </test-method> <!-- setUp -->
        <test-method signature="testCase4_WrongPassword()[pri:0, instance:SwagLabs_Automation.Login_functionality@4d5d943d]" started-at="2025-04-07T16:47:18 PST" name="testCase4_WrongPassword" finished-at="2025-04-07T16:47:41 PST" duration-ms="22767" status="PASS">
          <reporter-output>
          </reporter-output>
        </test-method> <!-- testCase4_WrongPassword -->
        <test-method is-config="true" signature="tearDown()[pri:0, instance:SwagLabs_Automation.Login_functionality@4d5d943d]" started-at="2025-04-07T16:47:41 PST" name="tearDown" finished-at="2025-04-07T16:47:41 PST" duration-ms="375" status="PASS">
          <reporter-output>
          </reporter-output>
        </test-method> <!-- tearDown -->
        <test-method is-config="true" signature="setUp()[pri:0, instance:SwagLabs_Automation.Login_functionality@4d5d943d]" started-at="2025-04-07T16:47:41 PST" name="setUp" finished-at="2025-04-07T16:47:42 PST" duration-ms="1345" status="PASS">
          <reporter-output>
          </reporter-output>
        </test-method> <!-- setUp -->
        <test-method signature="testCase5_WrongUsername()[pri:0, instance:SwagLabs_Automation.Login_functionality@4d5d943d]" started-at="2025-04-07T16:47:42 PST" name="testCase5_WrongUsername" finished-at="2025-04-07T16:47:45 PST" duration-ms="2611" status="PASS">
          <reporter-output>
          </reporter-output>
        </test-method> <!-- testCase5_WrongUsername -->
        <test-method is-config="true" signature="tearDown()[pri:0, instance:SwagLabs_Automation.Login_functionality@4d5d943d]" started-at="2025-04-07T16:47:45 PST" name="tearDown" finished-at="2025-04-07T16:47:45 PST" duration-ms="269" status="PASS">
          <reporter-output>
          </reporter-output>
        </test-method> <!-- tearDown -->
        <test-method is-config="true" signature="setUp()[pri:0, instance:SwagLabs_Automation.Login_functionality@4d5d943d]" started-at="2025-04-07T16:47:45 PST" name="setUp" finished-at="2025-04-07T16:47:46 PST" duration-ms="1188" status="PASS">
          <reporter-output>
          </reporter-output>
        </test-method> <!-- setUp -->
        <test-method signature="testCase6_BlankUsername()[pri:0, instance:SwagLabs_Automation.Login_functionality@4d5d943d]" started-at="2025-04-07T16:47:46 PST" name="testCase6_BlankUsername" finished-at="2025-04-07T16:47:48 PST" duration-ms="1306" status="PASS">
          <reporter-output>
          </reporter-output>
        </test-method> <!-- testCase6_BlankUsername -->
        <test-method is-config="true" signature="tearDown()[pri:0, instance:SwagLabs_Automation.Login_functionality@4d5d943d]" started-at="2025-04-07T16:47:48 PST" name="tearDown" finished-at="2025-04-07T16:47:48 PST" duration-ms="264" status="PASS">
          <reporter-output>
          </reporter-output>
        </test-method> <!-- tearDown -->
        <test-method is-config="true" signature="setUp()[pri:0, instance:SwagLabs_Automation.Login_functionality@4d5d943d]" started-at="2025-04-07T16:47:48 PST" name="setUp" finished-at="2025-04-07T16:47:49 PST" duration-ms="1194" status="PASS">
          <reporter-output>
          </reporter-output>
        </test-method> <!-- setUp -->
        <test-method signature="testCase7_BlankPassword()[pri:0, instance:SwagLabs_Automation.Login_functionality@4d5d943d]" started-at="2025-04-07T16:47:49 PST" name="testCase7_BlankPassword" finished-at="2025-04-07T16:47:50 PST" duration-ms="1265" status="PASS">
          <reporter-output>
          </reporter-output>
        </test-method> <!-- testCase7_BlankPassword -->
        <test-method is-config="true" signature="tearDown()[pri:0, instance:SwagLabs_Automation.Login_functionality@4d5d943d]" started-at="2025-04-07T16:47:50 PST" name="tearDown" finished-at="2025-04-07T16:47:51 PST" duration-ms="222" status="PASS">
          <reporter-output>
          </reporter-output>
        </test-method> <!-- tearDown -->
        <test-method is-config="true" signature="setUp()[pri:0, instance:SwagLabs_Automation.Login_functionality@4d5d943d]" started-at="2025-04-07T16:47:51 PST" name="setUp" finished-at="2025-04-07T16:47:52 PST" duration-ms="1078" status="PASS">
          <reporter-output>
          </reporter-output>
        </test-method> <!-- setUp -->
        <test-method signature="testCase8_BlankFields()[pri:0, instance:SwagLabs_Automation.Login_functionality@4d5d943d]" started-at="2025-04-07T16:47:52 PST" name="testCase8_BlankFields" finished-at="2025-04-07T16:48:14 PST" duration-ms="22554" status="PASS">
          <reporter-output>
          </reporter-output>
        </test-method> <!-- testCase8_BlankFields -->
        <test-method is-config="true" signature="tearDown()[pri:0, instance:SwagLabs_Automation.Login_functionality@4d5d943d]" started-at="2025-04-07T16:48:14 PST" name="tearDown" finished-at="2025-04-07T16:48:15 PST" duration-ms="286" status="PASS">
          <reporter-output>
          </reporter-output>
        </test-method> <!-- tearDown -->
        <test-method is-config="true" signature="setUp()[pri:0, instance:SwagLabs_Automation.Login_functionality@4d5d943d]" started-at="2025-04-07T16:48:15 PST" name="setUp" finished-at="2025-04-07T16:48:16 PST" duration-ms="1276" status="PASS">
          <reporter-output>
          </reporter-output>
        </test-method> <!-- setUp -->
        <test-method signature="testCase9_SuccessfulLogin()[pri:0, instance:SwagLabs_Automation.Login_functionality@4d5d943d]" started-at="2025-04-07T16:48:16 PST" name="testCase9_SuccessfulLogin" finished-at="2025-04-07T16:48:18 PST" duration-ms="2029" status="PASS">
          <reporter-output>
          </reporter-output>
        </test-method> <!-- testCase9_SuccessfulLogin -->
        <test-method is-config="true" signature="tearDown()[pri:0, instance:SwagLabs_Automation.Login_functionality@4d5d943d]" started-at="2025-04-07T16:48:18 PST" name="tearDown" finished-at="2025-04-07T16:48:18 PST" duration-ms="277" status="PASS">
          <reporter-output>
          </reporter-output>
        </test-method> <!-- tearDown -->
      </class> <!-- SwagLabs_Automation.Login_functionality -->
    </test> <!-- Login_functionality -->
    <test started-at="2025-04-07T16:48:18 PST" name="Product_Listing" finished-at="2025-04-07T16:49:31 PST" duration-ms="72557">
      <class name="SwagLabs_Automation.Product_Listing">
        <test-method is-config="true" signature="setUp()[pri:0, instance:SwagLabs_Automation.Product_Listing@40005471]" started-at="2025-04-07T16:48:18 PST" name="setUp" finished-at="2025-04-07T16:48:19 PST" duration-ms="1148" status="PASS">
          <reporter-output>
          </reporter-output>
        </test-method> <!-- setUp -->
        <test-method signature="testCase11_ProductListingPageAccess()[pri:0, instance:SwagLabs_Automation.Product_Listing@40005471]" started-at="2025-04-07T16:48:19 PST" name="testCase11_ProductListingPageAccess" finished-at="2025-04-07T16:48:22 PST" duration-ms="2154" status="PASS">
          <reporter-output>
          </reporter-output>
        </test-method> <!-- testCase11_ProductListingPageAccess -->
        <test-method is-config="true" signature="tearDown()[pri:0, instance:SwagLabs_Automation.Product_Listing@40005471]" started-at="2025-04-07T16:48:22 PST" name="tearDown" finished-at="2025-04-07T16:48:22 PST" duration-ms="248" status="PASS">
          <reporter-output>
          </reporter-output>
        </test-method> <!-- tearDown -->
        <test-method is-config="true" signature="setUp()[pri:0, instance:SwagLabs_Automation.Product_Listing@40005471]" started-at="2025-04-07T16:48:22 PST" name="setUp" finished-at="2025-04-07T16:48:23 PST" duration-ms="1589" status="PASS">
          <reporter-output>
          </reporter-output>
        </test-method> <!-- setUp -->
        <test-method signature="testCase12_AllProductsDisplayed()[pri:0, instance:SwagLabs_Automation.Product_Listing@40005471]" started-at="2025-04-07T16:48:23 PST" name="testCase12_AllProductsDisplayed" finished-at="2025-04-07T16:48:26 PST" duration-ms="2381" status="PASS">
          <reporter-output>
          </reporter-output>
        </test-method> <!-- testCase12_AllProductsDisplayed -->
        <test-method is-config="true" signature="tearDown()[pri:0, instance:SwagLabs_Automation.Product_Listing@40005471]" started-at="2025-04-07T16:48:26 PST" name="tearDown" finished-at="2025-04-07T16:48:26 PST" duration-ms="322" status="PASS">
          <reporter-output>
          </reporter-output>
        </test-method> <!-- tearDown -->
        <test-method is-config="true" signature="setUp()[pri:0, instance:SwagLabs_Automation.Product_Listing@40005471]" started-at="2025-04-07T16:48:26 PST" name="setUp" finished-at="2025-04-07T16:48:27 PST" duration-ms="1172" status="PASS">
          <reporter-output>
          </reporter-output>
        </test-method> <!-- setUp -->
        <test-method signature="testCase13_VerifyProductDetails()[pri:0, instance:SwagLabs_Automation.Product_Listing@40005471]" started-at="2025-04-07T16:48:27 PST" name="testCase13_VerifyProductDetails" finished-at="2025-04-07T16:48:54 PST" duration-ms="26534" status="PASS">
          <reporter-output>
          </reporter-output>
        </test-method> <!-- testCase13_VerifyProductDetails -->
        <test-method is-config="true" signature="tearDown()[pri:0, instance:SwagLabs_Automation.Product_Listing@40005471]" started-at="2025-04-07T16:48:54 PST" name="tearDown" finished-at="2025-04-07T16:48:54 PST" duration-ms="0" status="PASS">
          <reporter-output>
          </reporter-output>
        </test-method> <!-- tearDown -->
        <test-method is-config="true" signature="setUp()[pri:0, instance:SwagLabs_Automation.Product_Listing@40005471]" started-at="2025-04-07T16:48:54 PST" name="setUp" finished-at="2025-04-07T16:48:55 PST" duration-ms="1131" status="PASS">
          <reporter-output>
          </reporter-output>
        </test-method> <!-- setUp -->
        <test-method signature="testCase14_AddToCartButtonFunctionality()[pri:0, instance:SwagLabs_Automation.Product_Listing@40005471]" started-at="2025-04-07T16:48:55 PST" name="testCase14_AddToCartButtonFunctionality" finished-at="2025-04-07T16:48:57 PST" duration-ms="1631" status="PASS">
          <reporter-output>
          </reporter-output>
        </test-method> <!-- testCase14_AddToCartButtonFunctionality -->
        <test-method is-config="true" signature="tearDown()[pri:0, instance:SwagLabs_Automation.Product_Listing@40005471]" started-at="2025-04-07T16:48:57 PST" name="tearDown" finished-at="2025-04-07T16:48:57 PST" duration-ms="228" status="PASS">
          <reporter-output>
          </reporter-output>
        </test-method> <!-- tearDown -->
        <test-method is-config="true" signature="setUp()[pri:0, instance:SwagLabs_Automation.Product_Listing@40005471]" started-at="2025-04-07T16:48:57 PST" name="setUp" finished-at="2025-04-07T16:48:58 PST" duration-ms="1293" status="PASS">
          <reporter-output>
          </reporter-output>
        </test-method> <!-- setUp -->
        <test-method signature="testCase15_SortByNameZtoA()[pri:0, instance:SwagLabs_Automation.Product_Listing@40005471]" started-at="2025-04-07T16:48:58 PST" name="testCase15_SortByNameZtoA" finished-at="2025-04-07T16:49:00 PST" duration-ms="1817" status="PASS">
          <reporter-output>
          </reporter-output>
        </test-method> <!-- testCase15_SortByNameZtoA -->
        <test-method is-config="true" signature="tearDown()[pri:0, instance:SwagLabs_Automation.Product_Listing@40005471]" started-at="2025-04-07T16:49:00 PST" name="tearDown" finished-at="2025-04-07T16:49:00 PST" duration-ms="314" status="PASS">
          <reporter-output>
          </reporter-output>
        </test-method> <!-- tearDown -->
        <test-method is-config="true" signature="setUp()[pri:0, instance:SwagLabs_Automation.Product_Listing@40005471]" started-at="2025-04-07T16:49:00 PST" name="setUp" finished-at="2025-04-07T16:49:02 PST" duration-ms="1340" status="PASS">
          <reporter-output>
          </reporter-output>
        </test-method> <!-- setUp -->
        <test-method signature="testCase17_SortByPriceLowToHigh()[pri:0, instance:SwagLabs_Automation.Product_Listing@40005471]" started-at="2025-04-07T16:49:02 PST" name="testCase17_SortByPriceLowToHigh" finished-at="2025-04-07T16:49:03 PST" duration-ms="1606" status="PASS">
          <reporter-output>
          </reporter-output>
        </test-method> <!-- testCase17_SortByPriceLowToHigh -->
        <test-method is-config="true" signature="tearDown()[pri:0, instance:SwagLabs_Automation.Product_Listing@40005471]" started-at="2025-04-07T16:49:03 PST" name="tearDown" finished-at="2025-04-07T16:49:03 PST" duration-ms="210" status="PASS">
          <reporter-output>
          </reporter-output>
        </test-method> <!-- tearDown -->
        <test-method is-config="true" signature="setUp()[pri:0, instance:SwagLabs_Automation.Product_Listing@40005471]" started-at="2025-04-07T16:49:03 PST" name="setUp" finished-at="2025-04-07T16:49:04 PST" duration-ms="1012" status="PASS">
          <reporter-output>
          </reporter-output>
        </test-method> <!-- setUp -->
        <test-method signature="testCase18_SortByPriceHighToLow()[pri:0, instance:SwagLabs_Automation.Product_Listing@40005471]" started-at="2025-04-07T16:49:04 PST" name="testCase18_SortByPriceHighToLow" finished-at="2025-04-07T16:49:31 PST" duration-ms="26071" status="PASS">
          <reporter-output>
          </reporter-output>
        </test-method> <!-- testCase18_SortByPriceHighToLow -->
        <test-method is-config="true" signature="tearDown()[pri:0, instance:SwagLabs_Automation.Product_Listing@40005471]" started-at="2025-04-07T16:49:31 PST" name="tearDown" finished-at="2025-04-07T16:49:31 PST" duration-ms="318" status="PASS">
          <reporter-output>
          </reporter-output>
        </test-method> <!-- tearDown -->
      </class> <!-- SwagLabs_Automation.Product_Listing -->
    </test> <!-- Product_Listing -->
    <test started-at="2025-04-07T16:49:31 PST" name="Cart_functionality" finished-at="2025-04-07T16:49:47 PST" duration-ms="16151">
      <class name="SwagLabs_Automation.Cart_functionality">
        <test-method is-config="true" signature="setUp()[pri:0, instance:SwagLabs_Automation.Cart_functionality@5dda768f]" started-at="2025-04-07T16:49:31 PST" name="setUp" finished-at="2025-04-07T16:49:33 PST" duration-ms="2443" status="PASS">
          <reporter-output>
          </reporter-output>
        </test-method> <!-- setUp -->
        <test-method signature="Test_case19()[pri:0, instance:SwagLabs_Automation.Cart_functionality@5dda768f]" started-at="2025-04-07T16:49:33 PST" name="Test_case19" finished-at="2025-04-07T16:49:35 PST" duration-ms="1550" status="PASS">
          <reporter-output>
          </reporter-output>
        </test-method> <!-- Test_case19 -->
        <test-method signature="Test_case20()[pri:0, instance:SwagLabs_Automation.Cart_functionality@5dda768f]" started-at="2025-04-07T16:49:35 PST" name="Test_case20" finished-at="2025-04-07T16:49:39 PST" duration-ms="3866" status="PASS">
          <reporter-output>
          </reporter-output>
        </test-method> <!-- Test_case20 -->
        <test-method signature="Testcase21()[pri:0, instance:SwagLabs_Automation.Cart_functionality@5dda768f]" started-at="2025-04-07T16:49:39 PST" name="Testcase21" finished-at="2025-04-07T16:49:42 PST" duration-ms="2888" status="PASS">
          <reporter-output>
          </reporter-output>
        </test-method> <!-- Testcase21 -->
        <test-method signature="Testcase22()[pri:0, instance:SwagLabs_Automation.Cart_functionality@5dda768f]" started-at="2025-04-07T16:49:42 PST" name="Testcase22" finished-at="2025-04-07T16:49:47 PST" duration-ms="5388" status="PASS">
          <reporter-output>
          </reporter-output>
        </test-method> <!-- Testcase22 -->
        <test-method is-config="true" signature="tearDown()[pri:0, instance:SwagLabs_Automation.Cart_functionality@5dda768f]" started-at="2025-04-07T16:49:47 PST" name="tearDown" finished-at="2025-04-07T16:49:47 PST" duration-ms="1" status="PASS">
          <reporter-output>
          </reporter-output>
        </test-method> <!-- tearDown -->
      </class> <!-- SwagLabs_Automation.Cart_functionality -->
    </test> <!-- Cart_functionality -->
    <test started-at="2025-04-07T16:49:47 PST" name="Product_Detail" finished-at="2025-04-07T16:50:23 PST" duration-ms="35667">
      <class name="SwagLabs_Automation.Product_detail">
        <test-method is-config="true" signature="setUp()[pri:0, instance:SwagLabs_Automation.Product_detail@45c7e403]" started-at="2025-04-07T16:49:47 PST" name="setUp" finished-at="2025-04-07T16:49:48 PST" duration-ms="803" status="PASS">
          <reporter-output>
          </reporter-output>
        </test-method> <!-- setUp -->
        <test-method signature="test_case23()[pri:0, instance:SwagLabs_Automation.Product_detail@45c7e403]" started-at="2025-04-07T16:49:48 PST" name="test_case23" finished-at="2025-04-07T16:49:49 PST" duration-ms="1463" status="PASS">
          <reporter-output>
          </reporter-output>
        </test-method> <!-- test_case23 -->
        <test-method is-config="true" signature="tearDown()[pri:0, instance:SwagLabs_Automation.Product_detail@45c7e403]" started-at="2025-04-07T16:49:49 PST" name="tearDown" finished-at="2025-04-07T16:49:50 PST" duration-ms="268" status="PASS">
          <reporter-output>
          </reporter-output>
        </test-method> <!-- tearDown -->
        <test-method is-config="true" signature="setUp()[pri:0, instance:SwagLabs_Automation.Product_detail@45c7e403]" started-at="2025-04-07T16:49:50 PST" name="setUp" finished-at="2025-04-07T16:49:50 PST" duration-ms="765" status="PASS">
          <reporter-output>
          </reporter-output>
        </test-method> <!-- setUp -->
        <test-method signature="test_case24()[pri:0, instance:SwagLabs_Automation.Product_detail@45c7e403]" started-at="2025-04-07T16:49:50 PST" name="test_case24" finished-at="2025-04-07T16:49:53 PST" duration-ms="2460" status="PASS">
          <reporter-output>
          </reporter-output>
        </test-method> <!-- test_case24 -->
        <test-method is-config="true" signature="tearDown()[pri:0, instance:SwagLabs_Automation.Product_detail@45c7e403]" started-at="2025-04-07T16:49:53 PST" name="tearDown" finished-at="2025-04-07T16:49:53 PST" duration-ms="235" status="PASS">
          <reporter-output>
          </reporter-output>
        </test-method> <!-- tearDown -->
        <test-method is-config="true" signature="setUp()[pri:0, instance:SwagLabs_Automation.Product_detail@45c7e403]" started-at="2025-04-07T16:49:53 PST" name="setUp" finished-at="2025-04-07T16:49:54 PST" duration-ms="772" status="PASS">
          <reporter-output>
          </reporter-output>
        </test-method> <!-- setUp -->
        <test-method signature="test_case25()[pri:0, instance:SwagLabs_Automation.Product_detail@45c7e403]" started-at="2025-04-07T16:49:54 PST" name="test_case25" finished-at="2025-04-07T16:50:17 PST" duration-ms="22896" status="PASS">
          <reporter-output>
          </reporter-output>
        </test-method> <!-- test_case25 -->
        <test-method is-config="true" signature="tearDown()[pri:0, instance:SwagLabs_Automation.Product_detail@45c7e403]" started-at="2025-04-07T16:50:17 PST" name="tearDown" finished-at="2025-04-07T16:50:17 PST" duration-ms="420" status="PASS">
          <reporter-output>
          </reporter-output>
        </test-method> <!-- tearDown -->
        <test-method is-config="true" signature="setUp()[pri:0, instance:SwagLabs_Automation.Product_detail@45c7e403]" started-at="2025-04-07T16:50:17 PST" name="setUp" finished-at="2025-04-07T16:50:18 PST" duration-ms="822" status="PASS">
          <reporter-output>
          </reporter-output>
        </test-method> <!-- setUp -->
        <test-method signature="test_case26()[pri:0, instance:SwagLabs_Automation.Product_detail@45c7e403]" started-at="2025-04-07T16:50:18 PST" name="test_case26" finished-at="2025-04-07T16:50:20 PST" duration-ms="1601" status="PASS">
          <reporter-output>
          </reporter-output>
        </test-method> <!-- test_case26 -->
        <test-method is-config="true" signature="tearDown()[pri:0, instance:SwagLabs_Automation.Product_detail@45c7e403]" started-at="2025-04-07T16:50:20 PST" name="tearDown" finished-at="2025-04-07T16:50:20 PST" duration-ms="365" status="PASS">
          <reporter-output>
          </reporter-output>
        </test-method> <!-- tearDown -->
        <test-method is-config="true" signature="setUp()[pri:0, instance:SwagLabs_Automation.Product_detail@45c7e403]" started-at="2025-04-07T16:50:20 PST" name="setUp" finished-at="2025-04-07T16:50:21 PST" duration-ms="947" status="PASS">
          <reporter-output>
          </reporter-output>
        </test-method> <!-- setUp -->
        <test-method signature="test_case27()[pri:0, instance:SwagLabs_Automation.Product_detail@45c7e403]" started-at="2025-04-07T16:50:21 PST" name="test_case27" finished-at="2025-04-07T16:50:22 PST" duration-ms="1587" status="PASS">
          <reporter-output>
          </reporter-output>
        </test-method> <!-- test_case27 -->
        <test-method is-config="true" signature="tearDown()[pri:0, instance:SwagLabs_Automation.Product_detail@45c7e403]" started-at="2025-04-07T16:50:22 PST" name="tearDown" finished-at="2025-04-07T16:50:23 PST" duration-ms="244" status="PASS">
          <reporter-output>
          </reporter-output>
        </test-method> <!-- tearDown -->
      </class> <!-- SwagLabs_Automation.Product_detail -->
    </test> <!-- Product_Detail -->
    <test started-at="2025-04-07T16:50:23 PST" name="Cart_Page_Verification" finished-at="2025-04-07T16:51:37 PST" duration-ms="74613">
      <class name="SwagLabs_Automation.Cart_Page_Verification">
        <test-method is-config="true" signature="setUp()[pri:0, instance:SwagLabs_Automation.Cart_Page_Verification@77f1baf5]" started-at="2025-04-07T16:50:23 PST" name="setUp" finished-at="2025-04-07T16:50:23 PST" duration-ms="799" status="PASS">
          <reporter-output>
          </reporter-output>
        </test-method> <!-- setUp -->
        <test-method signature="Testcase28()[pri:0, instance:SwagLabs_Automation.Cart_Page_Verification@77f1baf5]" started-at="2025-04-07T16:50:23 PST" name="Testcase28" finished-at="2025-04-07T16:50:25 PST" duration-ms="1395" status="PASS">
          <reporter-output>
          </reporter-output>
        </test-method> <!-- Testcase28 -->
        <test-method is-config="true" signature="tearDown()[pri:0, instance:SwagLabs_Automation.Cart_Page_Verification@77f1baf5]" started-at="2025-04-07T16:50:25 PST" name="tearDown" finished-at="2025-04-07T16:50:25 PST" duration-ms="251" status="PASS">
          <reporter-output>
          </reporter-output>
        </test-method> <!-- tearDown -->
        <test-method is-config="true" signature="setUp()[pri:0, instance:SwagLabs_Automation.Cart_Page_Verification@77f1baf5]" started-at="2025-04-07T16:50:25 PST" name="setUp" finished-at="2025-04-07T16:50:26 PST" duration-ms="799" status="PASS">
          <reporter-output>
          </reporter-output>
        </test-method> <!-- setUp -->
        <test-method signature="Testcase29()[pri:0, instance:SwagLabs_Automation.Cart_Page_Verification@77f1baf5]" started-at="2025-04-07T16:50:26 PST" name="Testcase29" finished-at="2025-04-07T16:50:49 PST" duration-ms="22665" status="PASS">
          <reporter-output>
          </reporter-output>
        </test-method> <!-- Testcase29 -->
        <test-method is-config="true" signature="tearDown()[pri:0, instance:SwagLabs_Automation.Cart_Page_Verification@77f1baf5]" started-at="2025-04-07T16:50:49 PST" name="tearDown" finished-at="2025-04-07T16:50:49 PST" duration-ms="335" status="PASS">
          <reporter-output>
          </reporter-output>
        </test-method> <!-- tearDown -->
        <test-method is-config="true" signature="setUp()[pri:0, instance:SwagLabs_Automation.Cart_Page_Verification@77f1baf5]" started-at="2025-04-07T16:50:49 PST" name="setUp" finished-at="2025-04-07T16:50:50 PST" duration-ms="838" status="PASS">
          <reporter-output>
          </reporter-output>
        </test-method> <!-- setUp -->
        <test-method signature="Testcase30()[pri:0, instance:SwagLabs_Automation.Cart_Page_Verification@77f1baf5]" started-at="2025-04-07T16:50:50 PST" name="Testcase30" finished-at="2025-04-07T16:50:57 PST" duration-ms="7478" status="PASS">
          <reporter-output>
          </reporter-output>
        </test-method> <!-- Testcase30 -->
        <test-method is-config="true" signature="tearDown()[pri:0, instance:SwagLabs_Automation.Cart_Page_Verification@77f1baf5]" started-at="2025-04-07T16:50:57 PST" name="tearDown" finished-at="2025-04-07T16:50:57 PST" duration-ms="239" status="PASS">
          <reporter-output>
          </reporter-output>
        </test-method> <!-- tearDown -->
        <test-method is-config="true" signature="setUp()[pri:0, instance:SwagLabs_Automation.Cart_Page_Verification@77f1baf5]" started-at="2025-04-07T16:50:57 PST" name="setUp" finished-at="2025-04-07T16:50:58 PST" duration-ms="808" status="PASS">
          <reporter-output>
          </reporter-output>
        </test-method> <!-- setUp -->
        <test-method signature="Testcase31()[pri:0, instance:SwagLabs_Automation.Cart_Page_Verification@77f1baf5]" started-at="2025-04-07T16:50:58 PST" name="Testcase31" finished-at="2025-04-07T16:51:00 PST" duration-ms="1837" status="PASS">
          <reporter-output>
          </reporter-output>
        </test-method> <!-- Testcase31 -->
        <test-method is-config="true" signature="tearDown()[pri:0, instance:SwagLabs_Automation.Cart_Page_Verification@77f1baf5]" started-at="2025-04-07T16:51:00 PST" name="tearDown" finished-at="2025-04-07T16:51:00 PST" duration-ms="247" status="PASS">
          <reporter-output>
          </reporter-output>
        </test-method> <!-- tearDown -->
        <test-method is-config="true" signature="setUp()[pri:0, instance:SwagLabs_Automation.Cart_Page_Verification@77f1baf5]" started-at="2025-04-07T16:51:00 PST" name="setUp" finished-at="2025-04-07T16:51:01 PST" duration-ms="805" status="PASS">
          <reporter-output>
          </reporter-output>
        </test-method> <!-- setUp -->
        <test-method signature="Testcase33()[pri:0, instance:SwagLabs_Automation.Cart_Page_Verification@77f1baf5]" started-at="2025-04-07T16:51:01 PST" name="Testcase33" finished-at="2025-04-07T16:51:04 PST" duration-ms="2898" status="PASS">
          <reporter-output>
          </reporter-output>
        </test-method> <!-- Testcase33 -->
        <test-method is-config="true" signature="tearDown()[pri:0, instance:SwagLabs_Automation.Cart_Page_Verification@77f1baf5]" started-at="2025-04-07T16:51:04 PST" name="tearDown" finished-at="2025-04-07T16:51:04 PST" duration-ms="260" status="PASS">
          <reporter-output>
          </reporter-output>
        </test-method> <!-- tearDown -->
        <test-method is-config="true" signature="setUp()[pri:0, instance:SwagLabs_Automation.Cart_Page_Verification@77f1baf5]" started-at="2025-04-07T16:51:04 PST" name="setUp" finished-at="2025-04-07T16:51:05 PST" duration-ms="851" status="PASS">
          <reporter-output>
          </reporter-output>
        </test-method> <!-- setUp -->
        <test-method signature="Testcase34()[pri:0, instance:SwagLabs_Automation.Cart_Page_Verification@77f1baf5]" started-at="2025-04-07T16:51:05 PST" name="Testcase34" finished-at="2025-04-07T16:51:28 PST" duration-ms="22676" status="PASS">
          <reporter-output>
          </reporter-output>
        </test-method> <!-- Testcase34 -->
        <test-method is-config="true" signature="tearDown()[pri:0, instance:SwagLabs_Automation.Cart_Page_Verification@77f1baf5]" started-at="2025-04-07T16:51:28 PST" name="tearDown" finished-at="2025-04-07T16:51:28 PST" duration-ms="252" status="PASS">
          <reporter-output>
          </reporter-output>
        </test-method> <!-- tearDown -->
        <test-method is-config="true" signature="setUp()[pri:0, instance:SwagLabs_Automation.Cart_Page_Verification@77f1baf5]" started-at="2025-04-07T16:51:28 PST" name="setUp" finished-at="2025-04-07T16:51:29 PST" duration-ms="870" status="PASS">
          <reporter-output>
          </reporter-output>
        </test-method> <!-- setUp -->
        <test-method signature="Testcase35()[pri:0, instance:SwagLabs_Automation.Cart_Page_Verification@77f1baf5]" started-at="2025-04-07T16:51:29 PST" name="Testcase35" finished-at="2025-04-07T16:51:31 PST" duration-ms="2326" status="PASS">
          <reporter-output>
          </reporter-output>
        </test-method> <!-- Testcase35 -->
        <test-method is-config="true" signature="tearDown()[pri:0, instance:SwagLabs_Automation.Cart_Page_Verification@77f1baf5]" started-at="2025-04-07T16:51:31 PST" name="tearDown" finished-at="2025-04-07T16:51:32 PST" duration-ms="260" status="PASS">
          <reporter-output>
          </reporter-output>
        </test-method> <!-- tearDown -->
        <test-method is-config="true" signature="setUp()[pri:0, instance:SwagLabs_Automation.Cart_Page_Verification@77f1baf5]" started-at="2025-04-07T16:51:32 PST" name="setUp" finished-at="2025-04-07T16:51:33 PST" duration-ms="962" status="PASS">
          <reporter-output>
          </reporter-output>
        </test-method> <!-- setUp -->
        <test-method signature="Testcase36()[pri:0, instance:SwagLabs_Automation.Cart_Page_Verification@77f1baf5]" started-at="2025-04-07T16:51:33 PST" name="Testcase36" finished-at="2025-04-07T16:51:37 PST" duration-ms="4546" status="PASS">
          <reporter-output>
          </reporter-output>
        </test-method> <!-- Testcase36 -->
        <test-method is-config="true" signature="tearDown()[pri:0, instance:SwagLabs_Automation.Cart_Page_Verification@77f1baf5]" started-at="2025-04-07T16:51:37 PST" name="tearDown" finished-at="2025-04-07T16:51:37 PST" duration-ms="190" status="PASS">
          <reporter-output>
          </reporter-output>
        </test-method> <!-- tearDown -->
      </class> <!-- SwagLabs_Automation.Cart_Page_Verification -->
    </test> <!-- Cart_Page_Verification -->
    <test started-at="2025-04-07T16:51:37 PST" name="Checkout_Process_Verification" finished-at="2025-04-07T16:51:52 PST" duration-ms="14801">
      <class name="SwagLabs_Automation.Checkout_Process_Verification">
        <test-method is-config="true" signature="setUp()[pri:0, instance:SwagLabs_Automation.Checkout_Process_Verification@6f4a47c7]" started-at="2025-04-07T16:51:37 PST" name="setUp" finished-at="2025-04-07T16:51:38 PST" duration-ms="822" status="PASS">
          <reporter-output>
          </reporter-output>
        </test-method> <!-- setUp -->
        <test-method signature="Testcase37()[pri:0, instance:SwagLabs_Automation.Checkout_Process_Verification@6f4a47c7]" started-at="2025-04-07T16:51:38 PST" name="Testcase37" finished-at="2025-04-07T16:51:40 PST" duration-ms="1871" status="PASS">
          <reporter-output>
          </reporter-output>
        </test-method> <!-- Testcase37 -->
        <test-method signature="Testcase38()[pri:0, instance:SwagLabs_Automation.Checkout_Process_Verification@6f4a47c7]" started-at="2025-04-07T16:51:40 PST" name="Testcase38" finished-at="2025-04-07T16:51:41 PST" duration-ms="846" status="PASS">
          <reporter-output>
          </reporter-output>
        </test-method> <!-- Testcase38 -->
        <test-method signature="Testcase39()[pri:0, instance:SwagLabs_Automation.Checkout_Process_Verification@6f4a47c7]" started-at="2025-04-07T16:51:41 PST" name="Testcase39" finished-at="2025-04-07T16:51:42 PST" duration-ms="826" status="PASS">
          <reporter-output>
          </reporter-output>
        </test-method> <!-- Testcase39 -->
        <test-method signature="Testcase40()[pri:0, instance:SwagLabs_Automation.Checkout_Process_Verification@6f4a47c7]" started-at="2025-04-07T16:51:42 PST" name="Testcase40" finished-at="2025-04-07T16:51:43 PST" duration-ms="835" status="PASS">
          <reporter-output>
          </reporter-output>
        </test-method> <!-- Testcase40 -->
        <test-method signature="Testcase41()[pri:0, instance:SwagLabs_Automation.Checkout_Process_Verification@6f4a47c7]" started-at="2025-04-07T16:51:43 PST" name="Testcase41" finished-at="2025-04-07T16:51:44 PST" duration-ms="1128" status="PASS">
          <reporter-output>
          </reporter-output>
        </test-method> <!-- Testcase41 -->
        <test-method signature="Testcase42()[pri:0, instance:SwagLabs_Automation.Checkout_Process_Verification@6f4a47c7]" started-at="2025-04-07T16:51:44 PST" name="Testcase42" finished-at="2025-04-07T16:51:45 PST" duration-ms="1187" status="PASS">
          <reporter-output>
          </reporter-output>
        </test-method> <!-- Testcase42 -->
        <test-method signature="Testcase43()[pri:0, instance:SwagLabs_Automation.Checkout_Process_Verification@6f4a47c7]" started-at="2025-04-07T16:51:45 PST" name="Testcase43" finished-at="2025-04-07T16:51:46 PST" duration-ms="1215" status="PASS">
          <reporter-output>
          </reporter-output>
        </test-method> <!-- Testcase43 -->
        <test-method signature="Testcase44()[pri:0, instance:SwagLabs_Automation.Checkout_Process_Verification@6f4a47c7]" started-at="2025-04-07T16:51:46 PST" name="Testcase44" finished-at="2025-04-07T16:51:48 PST" duration-ms="1558" status="PASS">
          <reporter-output>
          </reporter-output>
        </test-method> <!-- Testcase44 -->
        <test-method signature="Testcase45()[pri:0, instance:SwagLabs_Automation.Checkout_Process_Verification@6f4a47c7]" started-at="2025-04-07T16:51:48 PST" name="Testcase45" finished-at="2025-04-07T16:51:49 PST" duration-ms="1433" status="PASS">
          <reporter-output>
          </reporter-output>
        </test-method> <!-- Testcase45 -->
        <test-method signature="Testcase46()[pri:0, instance:SwagLabs_Automation.Checkout_Process_Verification@6f4a47c7]" started-at="2025-04-07T16:51:49 PST" name="Testcase46" finished-at="2025-04-07T16:51:50 PST" duration-ms="1270" status="PASS">
          <reporter-output>
          </reporter-output>
        </test-method> <!-- Testcase46 -->
        <test-method signature="Testcase47()[pri:0, instance:SwagLabs_Automation.Checkout_Process_Verification@6f4a47c7]" started-at="2025-04-07T16:51:50 PST" name="Testcase47" finished-at="2025-04-07T16:51:52 PST" duration-ms="1427" status="PASS">
          <reporter-output>
          </reporter-output>
        </test-method> <!-- Testcase47 -->
        <test-method is-config="true" signature="tearDown()[pri:0, instance:SwagLabs_Automation.Checkout_Process_Verification@6f4a47c7]" started-at="2025-04-07T16:51:52 PST" name="tearDown" finished-at="2025-04-07T16:51:52 PST" duration-ms="352" status="PASS">
          <reporter-output>
          </reporter-output>
        </test-method> <!-- tearDown -->
      </class> <!-- SwagLabs_Automation.Checkout_Process_Verification -->
    </test> <!-- Checkout_Process_Verification -->
    <test started-at="2025-04-07T16:51:52 PST" name="SwagLabs_Automation.Checkout_Overview" finished-at="2025-04-07T16:52:22 PST" duration-ms="29945">
      <class name="SwagLabs_Automation.Checkout_Overview">
        <test-method is-config="true" signature="setUp()[pri:0, instance:SwagLabs_Automation.Checkout_Overview@4988d8b8]" started-at="2025-04-07T16:51:52 PST" name="setUp" finished-at="2025-04-07T16:51:53 PST" duration-ms="813" status="PASS">
          <reporter-output>
          </reporter-output>
        </test-method> <!-- setUp -->
        <test-method signature="Testcase48()[pri:0, instance:SwagLabs_Automation.Checkout_Overview@4988d8b8]" started-at="2025-04-07T16:51:53 PST" name="Testcase48" finished-at="2025-04-07T16:52:16 PST" duration-ms="22980" status="PASS">
          <reporter-output>
          </reporter-output>
        </test-method> <!-- Testcase48 -->
        <test-method signature="Testcase49()[pri:0, instance:SwagLabs_Automation.Checkout_Overview@4988d8b8]" started-at="2025-04-07T16:52:16 PST" name="Testcase49" finished-at="2025-04-07T16:52:18 PST" duration-ms="1890" status="PASS">
          <reporter-output>
          </reporter-output>
        </test-method> <!-- Testcase49 -->
        <test-method signature="Testcase51()[pri:0, instance:SwagLabs_Automation.Checkout_Overview@4988d8b8]" started-at="2025-04-07T16:52:18 PST" name="Testcase51" finished-at="2025-04-07T16:52:19 PST" duration-ms="1537" status="PASS">
          <reporter-output>
          </reporter-output>
        </test-method> <!-- Testcase51 -->
        <test-method signature="Testcase52()[pri:0, instance:SwagLabs_Automation.Checkout_Overview@4988d8b8]" started-at="2025-04-07T16:52:19 PST" name="Testcase52" finished-at="2025-04-07T16:52:21 PST" duration-ms="1514" status="PASS">
          <reporter-output>
          </reporter-output>
        </test-method> <!-- Testcase52 -->
        <test-method signature="testcase50()[pri:0, instance:SwagLabs_Automation.Checkout_Overview@4988d8b8]" started-at="2025-04-07T16:52:21 PST" name="testcase50" finished-at="2025-04-07T16:52:22 PST" duration-ms="930" status="PASS">
          <reporter-output>
          </reporter-output>
        </test-method> <!-- testcase50 -->
        <test-method is-config="true" signature="tearDown()[pri:0, instance:SwagLabs_Automation.Checkout_Overview@4988d8b8]" started-at="2025-04-07T16:52:22 PST" name="tearDown" finished-at="2025-04-07T16:52:22 PST" duration-ms="265" status="PASS">
          <reporter-output>
          </reporter-output>
        </test-method> <!-- tearDown -->
      </class> <!-- SwagLabs_Automation.Checkout_Overview -->
    </test> <!-- SwagLabs_Automation.Checkout_Overview -->
    <test started-at="2025-04-07T16:52:22 PST" name="Order_Completion" finished-at="2025-04-07T16:52:26 PST" duration-ms="4154">
      <class name="SwagLabs_Automation.Order_Completion">
        <test-method is-config="true" signature="setUp()[pri:0, instance:SwagLabs_Automation.Order_Completion@17f7cd29]" started-at="2025-04-07T16:52:22 PST" name="setUp" finished-at="2025-04-07T16:52:23 PST" duration-ms="853" status="PASS">
          <reporter-output>
          </reporter-output>
        </test-method> <!-- setUp -->
        <test-method signature="Testcase5354()[pri:0, instance:SwagLabs_Automation.Order_Completion@17f7cd29]" started-at="2025-04-07T16:52:23 PST" name="Testcase5354" finished-at="2025-04-07T16:52:25 PST" duration-ms="2068" status="PASS">
          <reporter-output>
          </reporter-output>
        </test-method> <!-- Testcase5354 -->
        <test-method signature="Testcase5556()[pri:0, instance:SwagLabs_Automation.Order_Completion@17f7cd29]" started-at="2025-04-07T16:52:25 PST" name="Testcase5556" finished-at="2025-04-07T16:52:26 PST" duration-ms="951" status="PASS">
          <reporter-output>
          </reporter-output>
        </test-method> <!-- Testcase5556 -->
        <test-method is-config="true" signature="tearDown()[pri:0, instance:SwagLabs_Automation.Order_Completion@17f7cd29]" started-at="2025-04-07T16:52:26 PST" name="tearDown" finished-at="2025-04-07T16:52:26 PST" duration-ms="276" status="PASS">
          <reporter-output>
          </reporter-output>
        </test-method> <!-- tearDown -->
      </class> <!-- SwagLabs_Automation.Order_Completion -->
    </test> <!-- Order_Completion -->
  </suite> <!-- Suite -->
</testng-results>
