<?xml version="1.0" encoding="UTF-8"?>
<testng-results ignored="0" total="1" passed="1" failed="0" skipped="0">
  <reporter-output>
  </reporter-output>
  <suite started-at="2025-04-08T15:50:48 PST" name="Default suite" finished-at="2025-04-08T15:50:58 PST" duration-ms="9773">
    <groups>
    </groups>
    <test started-at="2025-04-08T15:50:48 PST" name="Default test" finished-at="2025-04-08T15:50:58 PST" duration-ms="9773">
      <class name="SwagLabs_Automation.Product_Listing">
        <test-method is-config="true" signature="setUp()[pri:0, instance:SwagLabs_Automation.Product_Listing@47eaca72]" started-at="2025-04-08T15:50:48 PST" name="setUp" finished-at="2025-04-08T15:50:53 PST" duration-ms="4497" status="PASS">
          <reporter-output>
          </reporter-output>
        </test-method> <!-- setUp -->
        <test-method signature="testCase13_VerifyProductDetails()[pri:0, instance:SwagLabs_Automation.Product_Listing@47eaca72]" started-at="2025-04-08T15:50:53 PST" name="testCase13_VerifyProductDetails" finished-at="2025-04-08T15:50:58 PST" duration-ms="5231" status="PASS">
          <reporter-output>
          </reporter-output>
        </test-method> <!-- testCase13_VerifyProductDetails -->
        <test-method is-config="true" signature="tearDown()[pri:0, instance:SwagLabs_Automation.Product_Listing@47eaca72]" started-at="2025-04-08T15:50:58 PST" name="tearDown" finished-at="2025-04-08T15:50:58 PST" duration-ms="1" status="PASS">
          <reporter-output>
          </reporter-output>
        </test-method> <!-- tearDown -->
      </class> <!-- SwagLabs_Automation.Product_Listing -->
    </test> <!-- Default test -->
  </suite> <!-- Default suite -->
</testng-results>
